2025-08-14T00:04:58 | touched: LICENSE
2025-11-30T04:32:37 | touched: hardhat.config.js
2025-06-08T15:00:12 | touched: test/Avalanchego.test.js
2025-07-09T16:43:09 | touched: README.md
2025-01-30T17:42:34 | touched: package.json
2025-08-01T14:01:19 | touched: .env.example
2025-10-26T18:50:36 | touched: package.json
2025-03-23T10:13:17 | touched: test/Avalanchego.test.js
2025-09-23T06:17:03 | touched: README.md
2025-06-26T19:07:54 | touched: test/Avalanchego.test.js
2025-09-12T17:34:31 | touched: scripts/deploy.js
2025-01-15T13:56:34 | touched: test/Avalanchego.test.js
2025-11-22T07:06:46 | touched: package.json
2025-03-13T01:04:19 | touched: test/Avalanchego.test.js
2025-11-06T03:26:30 | touched: .env.example
2025-05-30T23:22:47 | touched: README.md
2025-02-10T15:17:52 | touched: README.md
2025-12-05T06:54:45 | touched: package.json
2025-12-03T19:46:38 | touched: .env.example
2025-03-14T13:18:32 | touched: test/Avalanchego.test.js
2025-12-01T22:57:30 | touched: scripts/deploy.js
2025-04-21T05:19:13 | touched: contracts/Avalanchego.sol
2025-06-08T12:05:23 | touched: .env.example
2025-03-17T10:07:40 | touched: hardhat.config.js
2025-12-02T10:51:50 | touched: hardhat.config.js
2025-02-14T15:02:47 | touched: .env.example
2025-11-12T14:36:54 | touched: contracts/Avalanchego.sol
2025-11-25T03:36:01 | touched: LICENSE
2025-12-04T03:06:09 | touched: test/Avalanchego.test.js
2025-07-27T23:21:09 | touched: hardhat.config.js
2025-02-10T17:33:43 | touched: test/Avalanchego.test.js
2025-08-01T19:15:48 | touched: contracts/Avalanchego.sol
2025-01-28T05:58:54 | touched: hardhat.config.js
2025-04-09T18:02:13 | touched: contracts/Avalanchego.sol
2025-08-01T20:56:14 | touched: .env.example
2025-06-27T09:27:40 | touched: scripts/deploy.js
2025-04-20T18:55:02 | touched: test/Avalanchego.test.js
2025-11-30T17:46:51 | touched: contracts/Avalanchego.sol
2025-02-17T20:55:13 | touched: package.json
2025-08-22T07:43:17 | touched: hardhat.config.js
2025-11-01T13:08:55 | touched: test/Avalanchego.test.js
2025-06-14T19:48:09 | touched: hardhat.config.js
2025-05-29T01:36:50 | touched: README.md
2025-02-14T18:39:06 | touched: package.json
2025-09-08T21:46:53 | touched: contracts/Avalanchego.sol
2025-02-02T13:42:49 | touched: hardhat.config.js
2025-02-15T11:27:15 | touched: contracts/Avalanchego.sol
2025-10-11T22:04:10 | touched: .env.example
2025-09-24T20:54:13 | touched: contracts/Avalanchego.sol
2025-05-19T10:36:17 | touched: .env.example
2025-11-29T12:21:26 | touched: hardhat.config.js
2025-03-31T11:18:40 | touched: scripts/deploy.js
2025-12-08T17:06:25 | touched: hardhat.config.js
2026-01-03T04:56:42 | touched: contracts/Avalanchego.sol
2026-01-21T23:26:10 | touched: .env.example
2026-01-02T22:23:50 | touched: LICENSE
2026-01-17T05:49:39 | touched: test/Avalanchego.test.js
2026-01-05T12:16:12 | touched: LICENSE
2026-01-18T04:35:07 | touched: package.json
2025-04-23T11:11:44 | touched: hardhat.config.js
2025-11-13T02:49:01 | touched: hardhat.config.js
2026-01-18T04:25:29 | touched: README.md
2026-01-03T01:37:13 | touched: .env.example
2025-04-23T06:31:57 | touched: .env.example
2026-01-11T03:07:53 | touched: test/Avalanchego.test.js
2026-01-09T00:08:30 | touched: test/Avalanchego.test.js
2025-02-22T03:34:23 | touched: test/Avalanchego.test.js
2026-01-06T20:26:49 | touched: .env.example
2025-02-03T18:08:58 | touched: LICENSE
